<?xml version="1.0" encoding="UTF-8"?>
<testsuite name="Tests" tests="1" skipped="0" failures="0" errors="0" timestamp="2020-09-13T15:27:15" hostname="DESKTOP-T05Q7OG" time="0.056">
  <properties/>
  <testcase name="start" classname="Tests" time="0.056"/>
  <system-out><![CDATA[?[1;31m
Start test 1?[0m
Hello! My name is Aid
I was created in 2020
]]></system-out>
  <system-err><![CDATA[]]></system-err>
</testsuite>
